<?xml version="1.0" encoding="UTF-8"?>
<testsuite name="MineFieldTest" tests="1" skipped="0" failures="0" errors="0" timestamp="2014-11-28T11:56:57" hostname="m15-l18661.at.autotrader.co.uk" time="0.017">
  <properties/>
  <testcase name="shouldCreateMinefield" classname="MineFieldTest" time="0.017"/>
  <system-out><![CDATA[.*..
....
....
]]></system-out>
  <system-err><![CDATA[]]></system-err>
</testsuite>
